{INFO} -  [com.revature.shop.control.ShopFront]   -     Customer Bob Dob has logged in     May-05-2021 Wednesday PDT 01:58:58
{INFO} -  [com.revature.shop.control.ShopFront]   -     Program closed     May-05-2021 Wednesday PDT 07:23:07
{INFO} -  [com.revature.shop.control.ShopFront]   -     Manager Kevin Big has logged in     May-05-2021 Wednesday PDT 07:23:28
{INFO} -  [com.revature.shop.control.ShopFront]   -     Manager Kevin Big has logged in     May-05-2021 Wednesday PDT 07:32:23
{INFO} -  [com.revature.shop.control.ShopFront]   -     Manager Kevin Big has logged off.     May-05-2021 Wednesday PDT 07:32:26
{INFO} -  [com.revature.shop.control.ShopFront]   -     Program closed     May-05-2021 Wednesday PDT 07:32:28
{INFO} -  [com.revature.shop.control.ShopFront]   -     Program closed     May-05-2021 Wednesday PDT 07:46:31
{INFO} -  [com.revature.shop.control.ShopFront]   -     Program closed     May-05-2021 Wednesday PDT 07:51:04
{INFO} -  [com.revature.shop.control.ShopFront]   -     Customer Bob Dob has logged in     May-05-2021 Wednesday PDT 07:51:32
{INFO} -  [com.revature.shop.control.ShopFront]   -     Customer Bob Dob has viewed grimoires for sale.     May-05-2021 Wednesday PDT 07:51:35
{INFO} -  [com.revature.shop.control.ShopFront]   -     Customer Bob Dob has logged out.     May-05-2021 Wednesday PDT 07:51:46
{INFO} -  [com.revature.shop.control.ShopFront]   -     Employee Ryan Boi has logged in     May-05-2021 Wednesday PDT 07:53:04
{INFO} -  [com.revature.shop.control.ShopFront]   -     Employee Ryan Boi has viewed the grimoires.     May-05-2021 Wednesday PDT 07:53:07
{INFO} -  [com.revature.shop.control.ShopFront]   -     Employee Ryan Boi has logged off.     May-05-2021 Wednesday PDT 07:53:22
{INFO} -  [com.revature.shop.control.ShopFront]   -     Manager Kevin Big has logged in     May-05-2021 Wednesday PDT 07:53:34
{INFO} -  [com.revature.shop.control.ShopFront]   -     Manager Kevin Big has viewed all employees     May-05-2021 Wednesday PDT 07:53:36
{INFO} -  [com.revature.shop.control.ShopFront]   -     Manager Kevin Big has logged off.     May-05-2021 Wednesday PDT 07:53:40
{INFO} -  [com.revature.shop.control.ShopFront]   -     Program closed     May-05-2021 Wednesday PDT 07:53:42
{INFO} -  [com.revature.shop.control.ShopFront]   -     Customer Bob Dob has logged in     May-05-2021 Wednesday PDT 08:03:26
{INFO} -  [com.revature.shop.control.ShopFront]   -     Customer Bob Dob has viewed grimoires for sale.     May-05-2021 Wednesday PDT 08:03:35
{INFO} -  [com.revature.shop.control.ShopFront]   -     Customer Bob Dob has made an offer of $2000 over6 weeks for How to summon flowers     May-05-2021 Wednesday PDT 08:03:51
{INFO} -  [com.revature.shop.control.ShopFront]   -     Customer Bob Dob has logged out.     May-05-2021 Wednesday PDT 08:04:04
{INFO} -  [com.revature.shop.control.ShopFront]   -     User Justin Boi has registered as a customer.     May-05-2021 Wednesday PDT 08:04:28
{INFO} -  [com.revature.shop.control.ShopFront]   -     Customer Justin Boi has logged in     May-05-2021 Wednesday PDT 08:04:40
{INFO} -  [com.revature.shop.control.ShopFront]   -     Customer Justin Boi has logged out.     May-05-2021 Wednesday PDT 08:04:42
{INFO} -  [com.revature.shop.control.ShopFront]   -     Program closed     May-05-2021 Wednesday PDT 08:04:44
{INFO} -  [com.revature.shop.control.ShopFront]   -     Employee Ryan Boi has logged in     May-05-2021 Wednesday PDT 08:36:02
{INFO} -  [com.revature.shop.control.ShopFront]   -     Employee Ryan Boi has logged off.     May-05-2021 Wednesday PDT 08:36:06
{INFO} -  [com.revature.shop.control.ShopFront]   -     Employee Ryan Boi has logged in     May-05-2021 Wednesday PDT 08:36:16
{INFO} -  [com.revature.shop.control.ShopFront]   -     Employee Ryan Boi has added a new grimoire.     May-05-2021 Wednesday PDT 08:37:41
{INFO} -  [com.revature.shop.control.ShopFront]   -     Employee Ryan Boi has viewed the grimoires.     May-05-2021 Wednesday PDT 08:37:45
{INFO} -  [com.revature.shop.control.ShopFront]   -     Employee Ryan Boi has logged off.     May-05-2021 Wednesday PDT 08:38:07
{INFO} -  [com.revature.shop.control.ShopFront]   -     Program closed     May-05-2021 Wednesday PDT 08:38:09
{INFO} -  [com.revature.shop.control.ShopFront]   -     User Alec Sig has registered as a customer.     May-05-2021 Wednesday PDT 09:38:17
{INFO} -  [com.revature.shop.control.ShopFront]   -     Customer Alec Sig has logged in     May-05-2021 Wednesday PDT 09:38:33
{INFO} -  [com.revature.shop.control.ShopFront]   -     Customer Alec Sig has viewed grimoires for sale.     May-05-2021 Wednesday PDT 09:38:40
{INFO} -  [com.revature.shop.control.ShopFront]   -     Customer Alec Sig has made an offer of $4488000 over 10 weeks for Beginner's Guide to the Inferno     May-05-2021 Wednesday PDT 09:39:13
{INFO} -  [com.revature.shop.control.ShopFront]   -     Customer Alec Sig has logged out.     May-05-2021 Wednesday PDT 09:39:35
{INFO} -  [com.revature.shop.control.ShopFront]   -     Employee Ryan Boi has logged in     May-05-2021 Wednesday PDT 09:39:46
{INFO} -  [com.revature.shop.control.ShopFront]   -     Employee Ryan Boi has viewed pending offers.     May-05-2021 Wednesday PDT 09:39:51
{INFO} -  [com.revature.shop.control.ShopFront]   -     Employee Ryan Boi has accepted an offer.     May-05-2021 Wednesday PDT 09:40:13
{INFO} -  [com.revature.shop.control.ShopFront]   -     Employee Ryan Boi has added a new grimoire.     May-05-2021 Wednesday PDT 09:41:13
{INFO} -  [com.revature.shop.control.ShopFront]   -     Employee Ryan Boi has logged off.     May-05-2021 Wednesday PDT 09:41:20
{INFO} -  [com.revature.shop.control.ShopFront]   -     Customer Bob Dob has logged in     May-05-2021 Wednesday PDT 09:41:40
{INFO} -  [com.revature.shop.control.ShopFront]   -     Customer Bob Dob has viewed their owned grimoires.     May-05-2021 Wednesday PDT 09:41:43
{INFO} -  [com.revature.shop.control.ShopFront]   -     Customer Bob Dob has logged out.     May-05-2021 Wednesday PDT 09:41:56
{INFO} -  [com.revature.shop.control.ShopFront]   -     Manager Kevin Big has logged in     May-05-2021 Wednesday PDT 09:42:12
{INFO} -  [com.revature.shop.control.ShopFront]   -     Manager Kevin Big has viewed all employees     May-05-2021 Wednesday PDT 09:42:14
{INFO} -  [com.revature.shop.control.ShopFront]   -     Manager Kevin Big has fired an employee.     May-05-2021 Wednesday PDT 09:42:23
{INFO} -  [com.revature.shop.control.ShopFront]   -     Manager Kevin Big has viewed all employees     May-05-2021 Wednesday PDT 09:42:25
